<?xml version="1.0" encoding="UTF-8"?>
<!-- Generated by org.testng.reporters.JUnitXMLReporter -->
<testsuite hostname="LAPTOP-B5QH8RSV" ignored="0" name="Buy Product" tests="4" failures="0" timestamp="06 May 2020 08:58:54 GMT" time="49.121" errors="0">
  <testcase name="signUp" time="11.476" classname="com.Appium.demo.buyProduct.TC1_BuyProduct"/>
  <testcase name="addProducts" time="13.95" classname="com.Appium.demo.buyProduct.TC1_BuyProduct"/>
  <testcase name="verifyAmount" time="3.451" classname="com.Appium.demo.buyProduct.TC1_BuyProduct"/>
  <testcase name="checkout" time="0.593" classname="com.Appium.demo.buyProduct.TC1_BuyProduct"/>
</testsuite> <!-- Buy Product -->
