<?xml version="1.0" encoding="UTF-8"?>
<!-- Generated by org.testng.reporters.JUnitXMLReporter -->
<testsuite hostname="LAPTOP-B5QH8RSV" ignored="0" name="Checkout Product" tests="4" failures="0" timestamp="06 May 2020 08:59:42 GMT" time="48.189" errors="0">
  <testcase name="signUp" time="11.347" classname="com.Appium.demo.checkout.TC1_Checkout"/>
  <testcase name="addProducts" time="12.573" classname="com.Appium.demo.checkout.TC1_Checkout"/>
  <testcase name="verifyAmount" time="3.466" classname="com.Appium.demo.checkout.TC1_Checkout"/>
  <testcase name="checkout" time="0.602" classname="com.Appium.demo.checkout.TC1_Checkout"/>
</testsuite> <!-- Checkout Product -->
