<?xml version="1.0" encoding="UTF-8"?>
<!-- Generated by org.testng.reporters.JUnitXMLReporter -->
<testsuite hostname="LAPTOP-B5QH8RSV" ignored="0" name="Buy Product" tests="4" failures="0" timestamp="08 May 2020 06:29:21 GMT" time="49.778" errors="0">
  <testcase name="signUp" time="11.512" classname="com.Appium.demo.buyProduct.TC1_BuyProduct"/>
  <testcase name="addProducts" time="10.105" classname="com.Appium.demo.buyProduct.TC1_BuyProduct"/>
  <testcase name="verifyAmount" time="3.516" classname="com.Appium.demo.buyProduct.TC1_BuyProduct"/>
  <testcase name="checkout" time="0.61" classname="com.Appium.demo.buyProduct.TC1_BuyProduct"/>
</testsuite> <!-- Buy Product -->
